25-11-21 00:50:38.472 [SpringApplicationShutdownHook] INFO  org.quartz.core.QuartzScheduler - Scheduler schedulerFactoryBean_$_NON_CLUSTERED paused. 
25-11-21 00:50:38.479 [SpringApplicationShutdownHook] INFO  o.s.b.w.e.tomcat.GracefulShutdown - Commencing graceful shutdown. Waiting for active requests to complete 
25-11-21 00:50:38.492 [tomcat-shutdown] INFO  o.s.b.w.e.tomcat.GracefulShutdown - Graceful shutdown complete 
25-11-21 00:50:38.496 [SpringApplicationShutdownHook] INFO  o.s.s.quartz.SchedulerFactoryBean - Shutting down Quartz Scheduler 
25-11-21 00:50:38.497 [SpringApplicationShutdownHook] INFO  org.quartz.core.QuartzScheduler - Scheduler schedulerFactoryBean_$_NON_CLUSTERED shutting down. 
25-11-21 00:50:38.501 [SpringApplicationShutdownHook] INFO  org.quartz.core.QuartzScheduler - Scheduler schedulerFactoryBean_$_NON_CLUSTERED paused. 
25-11-21 00:50:38.501 [SpringApplicationShutdownHook] INFO  org.quartz.core.QuartzScheduler - Scheduler schedulerFactoryBean_$_NON_CLUSTERED shutdown complete. 
25-11-21 00:50:38.503 [SpringApplicationShutdownHook] INFO  o.s.o.j.LocalContainerEntityManagerFactoryBean - Closing JPA EntityManagerFactory for persistence unit 'default' 
25-11-21 00:50:38.506 [SpringApplicationShutdownHook] INFO  com.zaxxer.hikari.HikariDataSource - HikariPool-1 - Shutdown initiated... 
25-11-21 00:50:38.516 [SpringApplicationShutdownHook] INFO  com.zaxxer.hikari.HikariDataSource - HikariPool-1 - Shutdown completed. 
25-11-21 00:50:42.047 [background-preinit] INFO  o.h.validator.internal.util.Version - HV000001: Hibernate Validator 8.0.3.Final 
25-11-21 00:50:42.111 [restartedMain] INFO  c.e.e.EmailNotifierBackendApplication - Starting EmailNotifierBackendApplication using Java 21.0.9 with PID 7728 (C:\Users\Admin\Desktop\NOTIFICATION HUB\email-notifier-backend\email-notifier-backend\target\classes started by Admin in C:\Users\Admin\Desktop\NOTIFICATION HUB\email-notifier-backend\email-notifier-backend) 
25-11-21 00:50:42.112 [restartedMain] INFO  c.e.e.EmailNotifierBackendApplication - No active profile set, falling back to 1 default profile: "default" 
25-11-21 00:50:42.157 [restartedMain] INFO  o.s.b.d.e.DevToolsPropertyDefaultsPostProcessor - Devtools property defaults active! Set 'spring.devtools.add-properties' to 'false' to disable 
25-11-21 00:50:42.158 [restartedMain] INFO  o.s.b.d.e.DevToolsPropertyDefaultsPostProcessor - For additional web related logging consider setting the 'logging.level.web' property to 'DEBUG' 
25-11-21 00:50:43.213 [restartedMain] INFO  o.s.d.r.c.RepositoryConfigurationDelegate - Bootstrapping Spring Data JPA repositories in DEFAULT mode. 
25-11-21 00:50:43.292 [restartedMain] INFO  o.s.d.r.c.RepositoryConfigurationDelegate - Finished Spring Data repository scanning in 68 ms. Found 3 JPA repository interfaces. 
25-11-21 00:50:43.998 [restartedMain] INFO  o.s.b.w.e.tomcat.TomcatWebServer - Tomcat initialized with port 8080 (http) 
25-11-21 00:50:44.015 [restartedMain] INFO  o.a.coyote.http11.Http11NioProtocol - Initializing ProtocolHandler ["http-nio-8080"] 
25-11-21 00:50:44.018 [restartedMain] INFO  o.a.catalina.core.StandardService - Starting service [Tomcat] 
25-11-21 00:50:44.018 [restartedMain] INFO  o.a.catalina.core.StandardEngine - Starting Servlet engine: [Apache Tomcat/10.1.48] 
25-11-21 00:50:44.076 [restartedMain] INFO  o.a.c.c.C.[Tomcat].[localhost].[/] - Initializing Spring embedded WebApplicationContext 
25-11-21 00:50:44.077 [restartedMain] INFO  o.s.b.w.s.c.ServletWebServerApplicationContext - Root WebApplicationContext: initialization completed in 1918 ms 
25-11-21 00:50:44.233 [restartedMain] INFO  o.h.jpa.internal.util.LogHelper - HHH000204: Processing PersistenceUnitInfo [name: default] 
25-11-21 00:50:44.287 [restartedMain] INFO  org.hibernate.Version - HHH000412: Hibernate ORM core version 6.6.33.Final 
25-11-21 00:50:44.326 [restartedMain] INFO  o.h.c.i.RegionFactoryInitiator - HHH000026: Second-level cache disabled 
25-11-21 00:50:44.611 [restartedMain] INFO  o.s.o.j.p.SpringPersistenceUnitInfo - No LoadTimeWeaver setup: ignoring JPA class transformer 
25-11-21 00:50:44.640 [restartedMain] INFO  com.zaxxer.hikari.HikariDataSource - HikariPool-1 - Starting... 
25-11-21 00:50:44.786 [restartedMain] INFO  com.zaxxer.hikari.pool.HikariPool - HikariPool-1 - Added connection com.mysql.cj.jdbc.ConnectionImpl@5a21765e 
25-11-21 00:50:44.788 [restartedMain] INFO  com.zaxxer.hikari.HikariDataSource - HikariPool-1 - Start completed. 
25-11-21 00:50:44.824 [restartedMain] WARN  org.hibernate.orm.deprecation - HHH90000025: MySQLDialect does not need to be specified explicitly using 'hibernate.dialect' (remove the property setting and it will be selected by default) 
25-11-21 00:50:44.838 [restartedMain] INFO  o.hibernate.orm.connections.pooling - HHH10001005: Database info:
	Database JDBC URL [Connecting through datasource 'HikariDataSource (HikariPool-1)']
	Database driver: undefined/unknown
	Database version: 8.0.44
	Autocommit mode: undefined/unknown
	Isolation level: undefined/unknown
	Minimum pool size: undefined/unknown
	Maximum pool size: undefined/unknown 
25-11-21 00:50:45.664 [restartedMain] INFO  o.h.e.t.j.p.i.JtaPlatformInitiator - HHH000489: No JTA platform available (set 'hibernate.transaction.jta.platform' to enable JTA platform integration) 
25-11-21 00:50:45.734 [restartedMain] INFO  o.s.o.j.LocalContainerEntityManagerFactoryBean - Initialized JPA EntityManagerFactory for persistence unit 'default' 
25-11-21 00:50:46.217 [restartedMain] INFO  o.s.d.j.r.query.QueryEnhancerFactory - Hibernate is in classpath; If applicable, HQL parser will be used. 
25-11-21 00:50:46.854 [restartedMain] INFO  o.s.s.c.a.a.c.InitializeUserDetailsBeanManagerConfigurer$InitializeUserDetailsManagerConfigurer - Global AuthenticationManager configured with UserDetailsService bean with name customUserDetailsService 
25-11-21 00:50:46.896 [restartedMain] INFO  org.quartz.impl.StdSchedulerFactory - Using default implementation for ThreadExecutor 
25-11-21 00:50:46.906 [restartedMain] INFO  o.quartz.core.SchedulerSignalerImpl - Initialized Scheduler Signaller of type: class org.quartz.core.SchedulerSignalerImpl 
25-11-21 00:50:46.906 [restartedMain] INFO  org.quartz.core.QuartzScheduler - Quartz Scheduler v2.5.0 created. 
25-11-21 00:50:46.907 [restartedMain] INFO  org.quartz.simpl.RAMJobStore - RAMJobStore initialized. 
25-11-21 00:50:46.907 [restartedMain] INFO  org.quartz.core.QuartzScheduler - Scheduler meta-data: Quartz Scheduler (v2.5.0) 'schedulerFactoryBean' with instanceId 'NON_CLUSTERED'
  Scheduler class: 'org.quartz.core.QuartzScheduler' - running locally.
  NOT STARTED.
  Currently in standby mode.
  Number of jobs executed: 0
  Using thread pool 'org.quartz.simpl.SimpleThreadPool' - with 10 threads.
  Using job-store 'org.quartz.simpl.RAMJobStore' - which does not support persistence. and is not clustered.
 
25-11-21 00:50:46.908 [restartedMain] INFO  org.quartz.impl.StdSchedulerFactory - Quartz scheduler 'schedulerFactoryBean' initialized from an externally provided properties instance. 
25-11-21 00:50:46.908 [restartedMain] INFO  org.quartz.impl.StdSchedulerFactory - Quartz scheduler version: 2.5.0 
25-11-21 00:50:46.908 [restartedMain] INFO  org.quartz.core.QuartzScheduler - JobFactory set to: com.example.email_notifier_backend.quartz.job.QuartzConfig$1@8378bab 
25-11-21 00:50:47.016 [restartedMain] WARN  o.s.b.a.o.j.JpaBaseConfiguration$JpaWebConfiguration - spring.jpa.open-in-view is enabled by default. Therefore, database queries may be performed during view rendering. Explicitly configure spring.jpa.open-in-view to disable this warning 
25-11-21 00:50:47.730 [restartedMain] INFO  o.s.b.d.a.OptionalLiveReloadServer - LiveReload server is running on port 35729 
25-11-21 00:50:47.747 [restartedMain] INFO  o.a.coyote.http11.Http11NioProtocol - Starting ProtocolHandler ["http-nio-8080"] 
25-11-21 00:50:47.762 [restartedMain] INFO  o.s.b.w.e.tomcat.TomcatWebServer - Tomcat started on port 8080 (http) with context path '/' 
25-11-21 00:50:47.763 [restartedMain] INFO  o.s.s.quartz.SchedulerFactoryBean - Starting Quartz Scheduler now 
25-11-21 00:50:47.764 [restartedMain] INFO  org.quartz.core.QuartzScheduler - Scheduler schedulerFactoryBean_$_NON_CLUSTERED started. 
25-11-21 00:50:47.772 [restartedMain] INFO  c.e.e.EmailNotifierBackendApplication - Started EmailNotifierBackendApplication in 6.08 seconds (process running for 6.674) 
